CRITICAL - 2023-09-17 20:37:00 --> The framework needs the following extension(s) installed and loaded: intl.
in SYSTEMPATH\CodeIgniter.php on line 226.
 1 SYSTEMPATH\CodeIgniter.php(226): CodeIgniter\Exceptions\FrameworkException::forMissingExtension('intl')
 2 SYSTEMPATH\CodeIgniter.php(190): CodeIgniter\CodeIgniter->resolvePlatformExtensions()
 3 ROOTPATH\spark(83): CodeIgniter\CodeIgniter->initialize()
CRITICAL - 2023-09-17 20:37:06 --> The framework needs the following extension(s) installed and loaded: intl.
in SYSTEMPATH\CodeIgniter.php on line 226.
 1 SYSTEMPATH\CodeIgniter.php(226): CodeIgniter\Exceptions\FrameworkException::forMissingExtension('intl')
 2 SYSTEMPATH\CodeIgniter.php(190): CodeIgniter\CodeIgniter->resolvePlatformExtensions()
 3 ROOTPATH\spark(83): CodeIgniter\CodeIgniter->initialize()
CRITICAL - 2023-09-17 18:50:01 --> Undefined property: App\Controllers\Home::$load
in APPPATH\Controllers\Home.php on line 10.
 1 APPPATH\Controllers\Home.php(10): CodeIgniter\Debug\Exceptions->errorHandler(2, 'Undefined property: App\\Controllers\\Home::$load', 'APPPATH\\Controllers\\Home.php', 10)
 2 SYSTEMPATH\CodeIgniter.php(934): App\Controllers\Home->index()
 3 SYSTEMPATH\CodeIgniter.php(499): CodeIgniter\CodeIgniter->runController(Object(App\Controllers\Home))
 4 SYSTEMPATH\CodeIgniter.php(368): CodeIgniter\CodeIgniter->handleRequest(null, Object(Config\Cache), false)
 5 FCPATH\index.php(67): CodeIgniter\CodeIgniter->run()
 6 SYSTEMPATH\Commands\Server\rewrite.php(47): require_once('FCPATH\\index.php')
CRITICAL - 2023-09-17 18:52:28 --> Cannot redeclare App\Controllers\Home::index()
in APPPATH\Controllers\Home.php on line 20.
 1 [internal function]: CodeIgniter\Debug\Exceptions->shutdownHandler()
CRITICAL - 2023-09-17 18:52:59 --> The table name does not exist. Please check you database and try again.
in APPPATH\Libraries\GroceryCrud.php on line 4971.
 1 APPPATH\Libraries\GroceryCrud.php(4450): App\Libraries\GroceryCrud->get_table()
 2 APPPATH\Libraries\GroceryCrud.php(4467): App\Libraries\GroceryCrud->pre_render()
 3 APPPATH\Controllers\Examples.php(13): App\Libraries\GroceryCrud->render()
 4 SYSTEMPATH\CodeIgniter.php(934): App\Controllers\Examples->customers_management()
 5 SYSTEMPATH\CodeIgniter.php(499): CodeIgniter\CodeIgniter->runController(Object(App\Controllers\Examples))
 6 SYSTEMPATH\CodeIgniter.php(368): CodeIgniter\CodeIgniter->handleRequest(null, Object(Config\Cache), false)
 7 FCPATH\index.php(67): CodeIgniter\CodeIgniter->run()
 8 SYSTEMPATH\Commands\Server\rewrite.php(47): require_once('FCPATH\\index.php')
CRITICAL - 2023-09-17 18:57:57 --> The table name does not exist. Please check you database and try again.
in APPPATH\Libraries\GroceryCrud.php on line 4971.
 1 APPPATH\Libraries\GroceryCrud.php(4450): App\Libraries\GroceryCrud->get_table()
 2 APPPATH\Libraries\GroceryCrud.php(4467): App\Libraries\GroceryCrud->pre_render()
 3 APPPATH\Controllers\Examples.php(13): App\Libraries\GroceryCrud->render()
 4 SYSTEMPATH\CodeIgniter.php(934): App\Controllers\Examples->customers_management()
 5 SYSTEMPATH\CodeIgniter.php(499): CodeIgniter\CodeIgniter->runController(Object(App\Controllers\Examples))
 6 SYSTEMPATH\CodeIgniter.php(368): CodeIgniter\CodeIgniter->handleRequest(null, Object(Config\Cache), false)
 7 FCPATH\index.php(67): CodeIgniter\CodeIgniter->run()
 8 SYSTEMPATH\Commands\Server\rewrite.php(47): require_once('FCPATH\\index.php')
CRITICAL - 2023-09-17 19:27:03 --> The namespace delimiter is a backslash (\), not a slash (/). Route handler: "\App\Controllers\Admin/Dashboard::index"
in SYSTEMPATH\Router\Router.php on line 474.
 1 SYSTEMPATH\Router\Router.php(474): CodeIgniter\Router\Exceptions\RouterException::forInvalidControllerName('\\App\\Controllers\\Admin/Dashboard::index')
 2 SYSTEMPATH\Router\Router.php(182): CodeIgniter\Router\Router->checkRoutes('dashboard')
 3 SYSTEMPATH\CodeIgniter.php(815): CodeIgniter\Router\Router->handle('dashboard')
 4 SYSTEMPATH\CodeIgniter.php(449): CodeIgniter\CodeIgniter->tryToRouteIt(Object(CodeIgniter\Router\RouteCollection))
 5 SYSTEMPATH\CodeIgniter.php(368): CodeIgniter\CodeIgniter->handleRequest(null, Object(Config\Cache), false)
 6 FCPATH\index.php(67): CodeIgniter\CodeIgniter->run()
 7 SYSTEMPATH\Commands\Server\rewrite.php(47): require_once('FCPATH\\index.php')
CRITICAL - 2023-09-17 20:07:14 --> Invalid file: "admin/master/produk/footer.php"
in SYSTEMPATH\Exceptions\FrameworkException.php on line 33.
 1 SYSTEMPATH\View\View.php(201): CodeIgniter\Exceptions\FrameworkException::forInvalidFile('admin/master/produk/footer.php')
 2 SYSTEMPATH\Common.php(1184): CodeIgniter\View\View->render('admin/master/produk/footer.php', [], true)
 3 APPPATH\Controllers\Admin\Master\Produk.php(14): view('admin/master/produk/footer.php')
 4 SYSTEMPATH\CodeIgniter.php(934): App\Controllers\Admin\Master\Produk->index()
 5 SYSTEMPATH\CodeIgniter.php(499): CodeIgniter\CodeIgniter->runController(Object(App\Controllers\Admin\Master\Produk))
 6 SYSTEMPATH\CodeIgniter.php(368): CodeIgniter\CodeIgniter->handleRequest(null, Object(Config\Cache), false)
 7 FCPATH\index.php(67): CodeIgniter\CodeIgniter->run()
 8 SYSTEMPATH\Commands\Server\rewrite.php(47): require_once('FCPATH\\index.php')
CRITICAL - 2023-09-17 20:20:34 --> Cannot declare class App\Controllers\Admin\Master\Produk because the name is already in use
in APPPATH\Controllers\Admin\Master\Produk.php on line 8.
 1 [internal function]: CodeIgniter\Debug\Exceptions->shutdownHandler()
CRITICAL - 2023-09-17 20:20:48 --> Cannot declare class App\Controllers\Admin\Master\Produk because the name is already in use
in APPPATH\Controllers\Admin\Master\Produk.php on line 8.
 1 [internal function]: CodeIgniter\Debug\Exceptions->shutdownHandler()
CRITICAL - 2023-09-17 20:23:50 --> Cannot declare class App\Controllers\Admin\Master\Produk because the name is already in use
in APPPATH\Controllers\Admin\Master\Produk.php on line 8.
 1 [internal function]: CodeIgniter\Debug\Exceptions->shutdownHandler()
CRITICAL - 2023-09-17 20:23:54 --> Cannot declare class App\Controllers\Admin\Master\Produk because the name is already in use
in APPPATH\Controllers\Admin\Master\Produk.php on line 8.
 1 [internal function]: CodeIgniter\Debug\Exceptions->shutdownHandler()
CRITICAL - 2023-09-17 20:23:58 --> Cannot declare class App\Controllers\Admin\Master\Produk because the name is already in use
in APPPATH\Controllers\Admin\Master\Produk.php on line 8.
 1 [internal function]: CodeIgniter\Debug\Exceptions->shutdownHandler()
CRITICAL - 2023-09-17 20:24:01 --> Cannot declare class App\Controllers\Admin\Master\Produk because the name is already in use
in APPPATH\Controllers\Admin\Master\Produk.php on line 8.
 1 [internal function]: CodeIgniter\Debug\Exceptions->shutdownHandler()
CRITICAL - 2023-09-17 20:24:50 --> Cannot declare class App\Controllers\Admin\Master\Produk because the name is already in use
in APPPATH\Controllers\Admin\Master\Produk.php on line 8.
 1 [internal function]: CodeIgniter\Debug\Exceptions->shutdownHandler()
CRITICAL - 2023-09-17 20:24:52 --> Cannot declare class App\Controllers\Admin\Master\Produk because the name is already in use
in APPPATH\Controllers\Admin\Master\Produk.php on line 8.
 1 [internal function]: CodeIgniter\Debug\Exceptions->shutdownHandler()
CRITICAL - 2023-09-17 20:28:08 --> Cannot declare class App\Controllers\Admin\Master\Produk because the name is already in use
in APPPATH\Controllers\Admin\Master\Produk.php on line 8.
 1 [internal function]: CodeIgniter\Debug\Exceptions->shutdownHandler()
CRITICAL - 2023-09-17 20:28:09 --> Cannot declare class App\Controllers\Admin\Master\Produk because the name is already in use
in APPPATH\Controllers\Admin\Master\Produk.php on line 8.
 1 [internal function]: CodeIgniter\Debug\Exceptions->shutdownHandler()
CRITICAL - 2023-09-17 20:28:09 --> Cannot declare class App\Controllers\Admin\Master\Produk because the name is already in use
in APPPATH\Controllers\Admin\Master\Produk.php on line 8.
 1 [internal function]: CodeIgniter\Debug\Exceptions->shutdownHandler()
CRITICAL - 2023-09-17 20:28:09 --> Cannot declare class App\Controllers\Admin\Master\Produk because the name is already in use
in APPPATH\Controllers\Admin\Master\Produk.php on line 8.
 1 [internal function]: CodeIgniter\Debug\Exceptions->shutdownHandler()
CRITICAL - 2023-09-17 20:28:10 --> Cannot declare class App\Controllers\Admin\Master\Produk because the name is already in use
in APPPATH\Controllers\Admin\Master\Produk.php on line 8.
 1 [internal function]: CodeIgniter\Debug\Exceptions->shutdownHandler()
CRITICAL - 2023-09-17 20:28:14 --> Cannot declare class App\Controllers\Admin\Master\Produk because the name is already in use
in APPPATH\Controllers\Admin\Master\Produk.php on line 8.
 1 [internal function]: CodeIgniter\Debug\Exceptions->shutdownHandler()
CRITICAL - 2023-09-17 20:29:27 --> Cannot declare class App\Controllers\Admin\Master\Produk because the name is already in use
in APPPATH\Controllers\Admin\Master\Produk.php on line 8.
 1 [internal function]: CodeIgniter\Debug\Exceptions->shutdownHandler()
CRITICAL - 2023-09-17 20:29:27 --> Cannot declare class App\Controllers\Admin\Master\Produk because the name is already in use
in APPPATH\Controllers\Admin\Master\Produk.php on line 8.
 1 [internal function]: CodeIgniter\Debug\Exceptions->shutdownHandler()
CRITICAL - 2023-09-17 20:29:28 --> Cannot declare class App\Controllers\Admin\Master\Produk because the name is already in use
in APPPATH\Controllers\Admin\Master\Produk.php on line 8.
 1 [internal function]: CodeIgniter\Debug\Exceptions->shutdownHandler()
CRITICAL - 2023-09-17 20:35:20 --> Undefined variable $title
in APPPATH\Views\_partials_admin\header.php on line 5.
 1 APPPATH\Views\_partials_admin\header.php(5): CodeIgniter\Debug\Exceptions->errorHandler(2, 'Undefined variable $title', 'APPPATH\\Views\\_partials_admin\\header.php', 5)
 2 SYSTEMPATH\View\View.php(213): include('APPPATH\\Views\\_partials_admin\\header.php')
 3 SYSTEMPATH\View\View.php(216): CodeIgniter\View\View->CodeIgniter\View\{closure}()
 4 SYSTEMPATH\Common.php(1184): CodeIgniter\View\View->render('_partials_admin/header.php', [], true)
 5 APPPATH\Controllers\Admin\Master\ProdukController.php(17): view('_partials_admin/header.php')
 6 SYSTEMPATH\CodeIgniter.php(934): App\Controllers\Admin\Master\ProdukController->index()
 7 SYSTEMPATH\CodeIgniter.php(499): CodeIgniter\CodeIgniter->runController(Object(App\Controllers\Admin\Master\ProdukController))
 8 SYSTEMPATH\CodeIgniter.php(368): CodeIgniter\CodeIgniter->handleRequest(null, Object(Config\Cache), false)
 9 FCPATH\index.php(67): CodeIgniter\CodeIgniter->run()
10 SYSTEMPATH\Commands\Server\rewrite.php(47): require_once('FCPATH\\index.php')
CRITICAL - 2023-09-17 20:42:49 --> Undefined variable $item
in APPPATH\Views\admin\master\produk\produk.php on line 33.
 1 APPPATH\Views\admin\master\produk\produk.php(33): CodeIgniter\Debug\Exceptions->errorHandler(2, 'Undefined variable $item', 'APPPATH\\Views\\admin\\master\\produk\\produk.php', 33)
 2 SYSTEMPATH\View\View.php(213): include('APPPATH\\Views\\admin\\master\\produk\\produk.php')
 3 SYSTEMPATH\View\View.php(216): CodeIgniter\View\View->CodeIgniter\View\{closure}()
 4 SYSTEMPATH\Common.php(1184): CodeIgniter\View\View->render('admin/master/produk/produk', [], true)
 5 APPPATH\Controllers\Admin\Master\ProdukController.php(19): view('admin/master/produk/produk', [...])
 6 SYSTEMPATH\CodeIgniter.php(934): App\Controllers\Admin\Master\ProdukController->index()
 7 SYSTEMPATH\CodeIgniter.php(499): CodeIgniter\CodeIgniter->runController(Object(App\Controllers\Admin\Master\ProdukController))
 8 SYSTEMPATH\CodeIgniter.php(368): CodeIgniter\CodeIgniter->handleRequest(null, Object(Config\Cache), false)
 9 FCPATH\index.php(67): CodeIgniter\CodeIgniter->run()
10 SYSTEMPATH\Commands\Server\rewrite.php(47): require_once('FCPATH\\index.php')
CRITICAL - 2023-09-17 20:55:17 --> Cannot redeclare App\Controllers\Admin\Master\ProdukController::index()
in APPPATH\Controllers\Admin\Master\ProdukController.php on line 23.
 1 [internal function]: CodeIgniter\Debug\Exceptions->shutdownHandler()
CRITICAL - 2023-09-17 21:10:17 --> Class "App\Controllers\Admin\Master\ProdukModel" not found
in APPPATH\Controllers\Admin\Master\ProdukController.php on line 37.
 1 SYSTEMPATH\CodeIgniter.php(934): App\Controllers\Admin\Master\ProdukController->create()
 2 SYSTEMPATH\CodeIgniter.php(499): CodeIgniter\CodeIgniter->runController(Object(App\Controllers\Admin\Master\ProdukController))
 3 SYSTEMPATH\CodeIgniter.php(368): CodeIgniter\CodeIgniter->handleRequest(null, Object(Config\Cache), false)
 4 FCPATH\index.php(67): CodeIgniter\CodeIgniter->run()
 5 SYSTEMPATH\Commands\Server\rewrite.php(47): require_once('FCPATH\\index.php')
CRITICAL - 2023-09-17 21:10:22 --> Class "App\Controllers\Admin\Master\ProdukModel" not found
in APPPATH\Controllers\Admin\Master\ProdukController.php on line 37.
 1 SYSTEMPATH\CodeIgniter.php(934): App\Controllers\Admin\Master\ProdukController->create()
 2 SYSTEMPATH\CodeIgniter.php(499): CodeIgniter\CodeIgniter->runController(Object(App\Controllers\Admin\Master\ProdukController))
 3 SYSTEMPATH\CodeIgniter.php(368): CodeIgniter\CodeIgniter->handleRequest(null, Object(Config\Cache), false)
 4 FCPATH\index.php(67): CodeIgniter\CodeIgniter->run()
 5 SYSTEMPATH\Commands\Server\rewrite.php(47): require_once('FCPATH\\index.php')
CRITICAL - 2023-09-17 21:10:28 --> Class "App\Controllers\Admin\Master\ProdukModel" not found
in APPPATH\Controllers\Admin\Master\ProdukController.php on line 37.
 1 SYSTEMPATH\CodeIgniter.php(934): App\Controllers\Admin\Master\ProdukController->create()
 2 SYSTEMPATH\CodeIgniter.php(499): CodeIgniter\CodeIgniter->runController(Object(App\Controllers\Admin\Master\ProdukController))
 3 SYSTEMPATH\CodeIgniter.php(368): CodeIgniter\CodeIgniter->handleRequest(null, Object(Config\Cache), false)
 4 FCPATH\index.php(67): CodeIgniter\CodeIgniter->run()
 5 SYSTEMPATH\Commands\Server\rewrite.php(47): require_once('FCPATH\\index.php')
CRITICAL - 2023-09-17 21:20:22 --> Undefined variable $title
in APPPATH\Views\_partials_admin\header.php on line 5.
 1 APPPATH\Views\_partials_admin\header.php(5): CodeIgniter\Debug\Exceptions->errorHandler(2, 'Undefined variable $title', 'APPPATH\\Views\\_partials_admin\\header.php', 5)
 2 SYSTEMPATH\View\View.php(213): include('APPPATH\\Views\\_partials_admin\\header.php')
 3 SYSTEMPATH\View\View.php(216): CodeIgniter\View\View->CodeIgniter\View\{closure}()
 4 SYSTEMPATH\Common.php(1184): CodeIgniter\View\View->render('_partials_admin/header.php', [], true)
 5 APPPATH\Controllers\Admin\Master\ProdukController.php(83): view('_partials_admin/header.php', [...])
 6 SYSTEMPATH\CodeIgniter.php(934): App\Controllers\Admin\Master\ProdukController->create()
 7 SYSTEMPATH\CodeIgniter.php(499): CodeIgniter\CodeIgniter->runController(Object(App\Controllers\Admin\Master\ProdukController))
 8 SYSTEMPATH\CodeIgniter.php(368): CodeIgniter\CodeIgniter->handleRequest(null, Object(Config\Cache), false)
 9 FCPATH\index.php(67): CodeIgniter\CodeIgniter->run()
10 SYSTEMPATH\Commands\Server\rewrite.php(47): require_once('FCPATH\\index.php')
CRITICAL - 2023-09-17 21:21:47 --> Undefined variable $title
in APPPATH\Views\_partials_admin\header.php on line 5.
 1 APPPATH\Views\_partials_admin\header.php(5): CodeIgniter\Debug\Exceptions->errorHandler(2, 'Undefined variable $title', 'APPPATH\\Views\\_partials_admin\\header.php', 5)
 2 SYSTEMPATH\View\View.php(213): include('APPPATH\\Views\\_partials_admin\\header.php')
 3 SYSTEMPATH\View\View.php(216): CodeIgniter\View\View->CodeIgniter\View\{closure}()
 4 SYSTEMPATH\Common.php(1184): CodeIgniter\View\View->render('_partials_admin/header.php', [], true)
 5 APPPATH\Controllers\Admin\Master\ProdukController.php(83): view('_partials_admin/header.php', [...])
 6 SYSTEMPATH\CodeIgniter.php(934): App\Controllers\Admin\Master\ProdukController->create()
 7 SYSTEMPATH\CodeIgniter.php(499): CodeIgniter\CodeIgniter->runController(Object(App\Controllers\Admin\Master\ProdukController))
 8 SYSTEMPATH\CodeIgniter.php(368): CodeIgniter\CodeIgniter->handleRequest(null, Object(Config\Cache), false)
 9 FCPATH\index.php(67): CodeIgniter\CodeIgniter->run()
10 SYSTEMPATH\Commands\Server\rewrite.php(47): require_once('FCPATH\\index.php')
CRITICAL - 2023-09-17 21:22:29 --> Undefined variable $title
in APPPATH\Views\_partials_admin\header.php on line 5.
 1 APPPATH\Views\_partials_admin\header.php(5): CodeIgniter\Debug\Exceptions->errorHandler(2, 'Undefined variable $title', 'APPPATH\\Views\\_partials_admin\\header.php', 5)
 2 SYSTEMPATH\View\View.php(213): include('APPPATH\\Views\\_partials_admin\\header.php')
 3 SYSTEMPATH\View\View.php(216): CodeIgniter\View\View->CodeIgniter\View\{closure}()
 4 SYSTEMPATH\Common.php(1184): CodeIgniter\View\View->render('_partials_admin/header.php', [], true)
 5 APPPATH\Controllers\Admin\Master\ProdukController.php(83): view('_partials_admin/header.php', [...])
 6 SYSTEMPATH\CodeIgniter.php(934): App\Controllers\Admin\Master\ProdukController->create()
 7 SYSTEMPATH\CodeIgniter.php(499): CodeIgniter\CodeIgniter->runController(Object(App\Controllers\Admin\Master\ProdukController))
 8 SYSTEMPATH\CodeIgniter.php(368): CodeIgniter\CodeIgniter->handleRequest(null, Object(Config\Cache), false)
 9 FCPATH\index.php(67): CodeIgniter\CodeIgniter->run()
10 SYSTEMPATH\Commands\Server\rewrite.php(47): require_once('FCPATH\\index.php')
CRITICAL - 2023-09-17 21:22:46 --> Undefined variable $title
in APPPATH\Views\_partials_admin\header.php on line 5.
 1 APPPATH\Views\_partials_admin\header.php(5): CodeIgniter\Debug\Exceptions->errorHandler(2, 'Undefined variable $title', 'APPPATH\\Views\\_partials_admin\\header.php', 5)
 2 SYSTEMPATH\View\View.php(213): include('APPPATH\\Views\\_partials_admin\\header.php')
 3 SYSTEMPATH\View\View.php(216): CodeIgniter\View\View->CodeIgniter\View\{closure}()
 4 SYSTEMPATH\Common.php(1184): CodeIgniter\View\View->render('_partials_admin/header.php', [], true)
 5 APPPATH\Controllers\Admin\Master\ProdukController.php(83): view('_partials_admin/header.php', [...])
 6 SYSTEMPATH\CodeIgniter.php(934): App\Controllers\Admin\Master\ProdukController->create()
 7 SYSTEMPATH\CodeIgniter.php(499): CodeIgniter\CodeIgniter->runController(Object(App\Controllers\Admin\Master\ProdukController))
 8 SYSTEMPATH\CodeIgniter.php(368): CodeIgniter\CodeIgniter->handleRequest(null, Object(Config\Cache), false)
 9 FCPATH\index.php(67): CodeIgniter\CodeIgniter->run()
10 SYSTEMPATH\Commands\Server\rewrite.php(47): require_once('FCPATH\\index.php')
CRITICAL - 2023-09-17 21:24:47 --> Undefined variable $title
in APPPATH\Views\_partials_admin\header.php on line 5.
 1 APPPATH\Views\_partials_admin\header.php(5): CodeIgniter\Debug\Exceptions->errorHandler(2, 'Undefined variable $title', 'APPPATH\\Views\\_partials_admin\\header.php', 5)
 2 SYSTEMPATH\View\View.php(213): include('APPPATH\\Views\\_partials_admin\\header.php')
 3 SYSTEMPATH\View\View.php(216): CodeIgniter\View\View->CodeIgniter\View\{closure}()
 4 SYSTEMPATH\Common.php(1184): CodeIgniter\View\View->render('_partials_admin/header.php', [], true)
 5 APPPATH\Controllers\Admin\Master\ProdukController.php(83): view('_partials_admin/header.php', [...])
 6 SYSTEMPATH\CodeIgniter.php(934): App\Controllers\Admin\Master\ProdukController->create()
 7 SYSTEMPATH\CodeIgniter.php(499): CodeIgniter\CodeIgniter->runController(Object(App\Controllers\Admin\Master\ProdukController))
 8 SYSTEMPATH\CodeIgniter.php(368): CodeIgniter\CodeIgniter->handleRequest(null, Object(Config\Cache), false)
 9 FCPATH\index.php(67): CodeIgniter\CodeIgniter->run()
10 SYSTEMPATH\Commands\Server\rewrite.php(47): require_once('FCPATH\\index.php')
CRITICAL - 2023-09-17 21:26:34 --> Undefined variable $title
in APPPATH\Views\_partials_admin\header.php on line 5.
 1 APPPATH\Views\_partials_admin\header.php(5): CodeIgniter\Debug\Exceptions->errorHandler(2, 'Undefined variable $title', 'APPPATH\\Views\\_partials_admin\\header.php', 5)
 2 SYSTEMPATH\View\View.php(213): include('APPPATH\\Views\\_partials_admin\\header.php')
 3 SYSTEMPATH\View\View.php(216): CodeIgniter\View\View->CodeIgniter\View\{closure}()
 4 SYSTEMPATH\Common.php(1184): CodeIgniter\View\View->render('_partials_admin/header.php', [], true)
 5 APPPATH\Controllers\Admin\Master\ProdukController.php(83): view('_partials_admin/header.php', [...])
 6 SYSTEMPATH\CodeIgniter.php(934): App\Controllers\Admin\Master\ProdukController->create()
 7 SYSTEMPATH\CodeIgniter.php(499): CodeIgniter\CodeIgniter->runController(Object(App\Controllers\Admin\Master\ProdukController))
 8 SYSTEMPATH\CodeIgniter.php(368): CodeIgniter\CodeIgniter->handleRequest(null, Object(Config\Cache), false)
 9 FCPATH\index.php(67): CodeIgniter\CodeIgniter->run()
10 SYSTEMPATH\Commands\Server\rewrite.php(47): require_once('FCPATH\\index.php')
CRITICAL - 2023-09-17 21:26:36 --> Undefined variable $title
in APPPATH\Views\_partials_admin\header.php on line 5.
 1 APPPATH\Views\_partials_admin\header.php(5): CodeIgniter\Debug\Exceptions->errorHandler(2, 'Undefined variable $title', 'APPPATH\\Views\\_partials_admin\\header.php', 5)
 2 SYSTEMPATH\View\View.php(213): include('APPPATH\\Views\\_partials_admin\\header.php')
 3 SYSTEMPATH\View\View.php(216): CodeIgniter\View\View->CodeIgniter\View\{closure}()
 4 SYSTEMPATH\Common.php(1184): CodeIgniter\View\View->render('_partials_admin/header.php', [], true)
 5 APPPATH\Controllers\Admin\Master\ProdukController.php(83): view('_partials_admin/header.php', [...])
 6 SYSTEMPATH\CodeIgniter.php(934): App\Controllers\Admin\Master\ProdukController->create()
 7 SYSTEMPATH\CodeIgniter.php(499): CodeIgniter\CodeIgniter->runController(Object(App\Controllers\Admin\Master\ProdukController))
 8 SYSTEMPATH\CodeIgniter.php(368): CodeIgniter\CodeIgniter->handleRequest(null, Object(Config\Cache), false)
 9 FCPATH\index.php(67): CodeIgniter\CodeIgniter->run()
10 SYSTEMPATH\Commands\Server\rewrite.php(47): require_once('FCPATH\\index.php')
CRITICAL - 2023-09-17 21:26:47 --> Undefined variable $title
in APPPATH\Views\_partials_admin\header.php on line 5.
 1 APPPATH\Views\_partials_admin\header.php(5): CodeIgniter\Debug\Exceptions->errorHandler(2, 'Undefined variable $title', 'APPPATH\\Views\\_partials_admin\\header.php', 5)
 2 SYSTEMPATH\View\View.php(213): include('APPPATH\\Views\\_partials_admin\\header.php')
 3 SYSTEMPATH\View\View.php(216): CodeIgniter\View\View->CodeIgniter\View\{closure}()
 4 SYSTEMPATH\Common.php(1184): CodeIgniter\View\View->render('_partials_admin/header.php', [], true)
 5 APPPATH\Controllers\Admin\Master\ProdukController.php(83): view('_partials_admin/header.php', [...])
 6 SYSTEMPATH\CodeIgniter.php(934): App\Controllers\Admin\Master\ProdukController->create()
 7 SYSTEMPATH\CodeIgniter.php(499): CodeIgniter\CodeIgniter->runController(Object(App\Controllers\Admin\Master\ProdukController))
 8 SYSTEMPATH\CodeIgniter.php(368): CodeIgniter\CodeIgniter->handleRequest(null, Object(Config\Cache), false)
 9 FCPATH\index.php(67): CodeIgniter\CodeIgniter->run()
10 SYSTEMPATH\Commands\Server\rewrite.php(47): require_once('FCPATH\\index.php')
CRITICAL - 2023-09-17 21:26:50 --> Undefined variable $title
in APPPATH\Views\_partials_admin\header.php on line 5.
 1 APPPATH\Views\_partials_admin\header.php(5): CodeIgniter\Debug\Exceptions->errorHandler(2, 'Undefined variable $title', 'APPPATH\\Views\\_partials_admin\\header.php', 5)
 2 SYSTEMPATH\View\View.php(213): include('APPPATH\\Views\\_partials_admin\\header.php')
 3 SYSTEMPATH\View\View.php(216): CodeIgniter\View\View->CodeIgniter\View\{closure}()
 4 SYSTEMPATH\Common.php(1184): CodeIgniter\View\View->render('_partials_admin/header.php', [], true)
 5 APPPATH\Controllers\Admin\Master\ProdukController.php(83): view('_partials_admin/header.php', [...])
 6 SYSTEMPATH\CodeIgniter.php(934): App\Controllers\Admin\Master\ProdukController->create()
 7 SYSTEMPATH\CodeIgniter.php(499): CodeIgniter\CodeIgniter->runController(Object(App\Controllers\Admin\Master\ProdukController))
 8 SYSTEMPATH\CodeIgniter.php(368): CodeIgniter\CodeIgniter->handleRequest(null, Object(Config\Cache), false)
 9 FCPATH\index.php(67): CodeIgniter\CodeIgniter->run()
10 SYSTEMPATH\Commands\Server\rewrite.php(47): require_once('FCPATH\\index.php')
CRITICAL - 2023-09-17 21:27:19 --> Assignments can only happen to writable values
in APPPATH\Controllers\Admin\Master\ProdukController.php on line 36.
 1 [internal function]: CodeIgniter\Debug\Exceptions->shutdownHandler()
CRITICAL - 2023-09-17 21:27:20 --> Assignments can only happen to writable values
in APPPATH\Controllers\Admin\Master\ProdukController.php on line 36.
 1 [internal function]: CodeIgniter\Debug\Exceptions->shutdownHandler()
CRITICAL - 2023-09-17 21:27:21 --> Assignments can only happen to writable values
in APPPATH\Controllers\Admin\Master\ProdukController.php on line 36.
 1 [internal function]: CodeIgniter\Debug\Exceptions->shutdownHandler()
CRITICAL - 2023-09-17 21:27:44 --> Undefined variable $title
in APPPATH\Views\_partials_admin\header.php on line 5.
 1 APPPATH\Views\_partials_admin\header.php(5): CodeIgniter\Debug\Exceptions->errorHandler(2, 'Undefined variable $title', 'APPPATH\\Views\\_partials_admin\\header.php', 5)
 2 SYSTEMPATH\View\View.php(213): include('APPPATH\\Views\\_partials_admin\\header.php')
 3 SYSTEMPATH\View\View.php(216): CodeIgniter\View\View->CodeIgniter\View\{closure}()
 4 SYSTEMPATH\Common.php(1184): CodeIgniter\View\View->render('_partials_admin/header.php', [], true)
 5 APPPATH\Controllers\Admin\Master\ProdukController.php(82): view('_partials_admin/header.php')
 6 SYSTEMPATH\CodeIgniter.php(934): App\Controllers\Admin\Master\ProdukController->create()
 7 SYSTEMPATH\CodeIgniter.php(499): CodeIgniter\CodeIgniter->runController(Object(App\Controllers\Admin\Master\ProdukController))
 8 SYSTEMPATH\CodeIgniter.php(368): CodeIgniter\CodeIgniter->handleRequest(null, Object(Config\Cache), false)
 9 FCPATH\index.php(67): CodeIgniter\CodeIgniter->run()
10 SYSTEMPATH\Commands\Server\rewrite.php(47): require_once('FCPATH\\index.php')
CRITICAL - 2023-09-17 21:28:03 --> Undefined variable $title
in APPPATH\Views\_partials_admin\header.php on line 5.
 1 APPPATH\Views\_partials_admin\header.php(5): CodeIgniter\Debug\Exceptions->errorHandler(2, 'Undefined variable $title', 'APPPATH\\Views\\_partials_admin\\header.php', 5)
 2 SYSTEMPATH\View\View.php(213): include('APPPATH\\Views\\_partials_admin\\header.php')
 3 SYSTEMPATH\View\View.php(216): CodeIgniter\View\View->CodeIgniter\View\{closure}()
 4 SYSTEMPATH\Common.php(1184): CodeIgniter\View\View->render('_partials_admin/header.php', [], true)
 5 APPPATH\Controllers\Admin\Master\ProdukController.php(82): view('_partials_admin/header.php')
 6 SYSTEMPATH\CodeIgniter.php(934): App\Controllers\Admin\Master\ProdukController->create()
 7 SYSTEMPATH\CodeIgniter.php(499): CodeIgniter\CodeIgniter->runController(Object(App\Controllers\Admin\Master\ProdukController))
 8 SYSTEMPATH\CodeIgniter.php(368): CodeIgniter\CodeIgniter->handleRequest(null, Object(Config\Cache), false)
 9 FCPATH\index.php(67): CodeIgniter\CodeIgniter->run()
10 SYSTEMPATH\Commands\Server\rewrite.php(47): require_once('FCPATH\\index.php')
CRITICAL - 2023-09-17 21:32:57 --> Invalid file: "admin/master/produk/create.php"
in SYSTEMPATH\Exceptions\FrameworkException.php on line 33.
 1 SYSTEMPATH\View\View.php(201): CodeIgniter\Exceptions\FrameworkException::forInvalidFile('admin/master/produk/create.php')
 2 SYSTEMPATH\Common.php(1184): CodeIgniter\View\View->render('admin/master/produk/create', [], true)
 3 APPPATH\Controllers\Admin\Master\ProdukController.php(82): view('admin/master/produk/create', [...])
 4 SYSTEMPATH\CodeIgniter.php(934): App\Controllers\Admin\Master\ProdukController->create()
 5 SYSTEMPATH\CodeIgniter.php(499): CodeIgniter\CodeIgniter->runController(Object(App\Controllers\Admin\Master\ProdukController))
 6 SYSTEMPATH\CodeIgniter.php(368): CodeIgniter\CodeIgniter->handleRequest(null, Object(Config\Cache), false)
 7 FCPATH\index.php(67): CodeIgniter\CodeIgniter->run()
 8 SYSTEMPATH\Commands\Server\rewrite.php(47): require_once('FCPATH\\index.php')
CRITICAL - 2023-09-17 21:41:41 --> Undefined variable $produk
in APPPATH\Views\admin\master\produk\edit_produk.php on line 28.
 1 APPPATH\Views\admin\master\produk\edit_produk.php(28): CodeIgniter\Debug\Exceptions->errorHandler(2, 'Undefined variable $produk', 'APPPATH\\Views\\admin\\master\\produk\\edit_produk.php', 28)
 2 SYSTEMPATH\View\View.php(213): include('APPPATH\\Views\\admin\\master\\produk\\edit_produk.php')
 3 SYSTEMPATH\View\View.php(216): CodeIgniter\View\View->CodeIgniter\View\{closure}()
 4 SYSTEMPATH\Common.php(1184): CodeIgniter\View\View->render('admin/master/produk/edit_produk', [], true)
 5 APPPATH\Controllers\Admin\Master\ProdukController.php(39): view('admin/master/produk/edit_produk')
 6 SYSTEMPATH\CodeIgniter.php(934): App\Controllers\Admin\Master\ProdukController->edit_product('1')
 7 SYSTEMPATH\CodeIgniter.php(499): CodeIgniter\CodeIgniter->runController(Object(App\Controllers\Admin\Master\ProdukController))
 8 SYSTEMPATH\CodeIgniter.php(368): CodeIgniter\CodeIgniter->handleRequest(null, Object(Config\Cache), false)
 9 FCPATH\index.php(67): CodeIgniter\CodeIgniter->run()
10 SYSTEMPATH\Commands\Server\rewrite.php(47): require_once('FCPATH\\index.php')
CRITICAL - 2023-09-17 21:41:44 --> Undefined variable $produk
in APPPATH\Views\admin\master\produk\edit_produk.php on line 28.
 1 APPPATH\Views\admin\master\produk\edit_produk.php(28): CodeIgniter\Debug\Exceptions->errorHandler(2, 'Undefined variable $produk', 'APPPATH\\Views\\admin\\master\\produk\\edit_produk.php', 28)
 2 SYSTEMPATH\View\View.php(213): include('APPPATH\\Views\\admin\\master\\produk\\edit_produk.php')
 3 SYSTEMPATH\View\View.php(216): CodeIgniter\View\View->CodeIgniter\View\{closure}()
 4 SYSTEMPATH\Common.php(1184): CodeIgniter\View\View->render('admin/master/produk/edit_produk', [], true)
 5 APPPATH\Controllers\Admin\Master\ProdukController.php(39): view('admin/master/produk/edit_produk')
 6 SYSTEMPATH\CodeIgniter.php(934): App\Controllers\Admin\Master\ProdukController->edit_product('4')
 7 SYSTEMPATH\CodeIgniter.php(499): CodeIgniter\CodeIgniter->runController(Object(App\Controllers\Admin\Master\ProdukController))
 8 SYSTEMPATH\CodeIgniter.php(368): CodeIgniter\CodeIgniter->handleRequest(null, Object(Config\Cache), false)
 9 FCPATH\index.php(67): CodeIgniter\CodeIgniter->run()
10 SYSTEMPATH\Commands\Server\rewrite.php(47): require_once('FCPATH\\index.php')
CRITICAL - 2023-09-17 21:42:43 --> Undefined variable $produk
in APPPATH\Views\admin\master\produk\edit_produk.php on line 28.
 1 APPPATH\Views\admin\master\produk\edit_produk.php(28): CodeIgniter\Debug\Exceptions->errorHandler(2, 'Undefined variable $produk', 'APPPATH\\Views\\admin\\master\\produk\\edit_produk.php', 28)
 2 SYSTEMPATH\View\View.php(213): include('APPPATH\\Views\\admin\\master\\produk\\edit_produk.php')
 3 SYSTEMPATH\View\View.php(216): CodeIgniter\View\View->CodeIgniter\View\{closure}()
 4 SYSTEMPATH\Common.php(1184): CodeIgniter\View\View->render('admin/master/produk/edit_produk', [], true)
 5 APPPATH\Controllers\Admin\Master\ProdukController.php(39): view('admin/master/produk/edit_produk')
 6 SYSTEMPATH\CodeIgniter.php(934): App\Controllers\Admin\Master\ProdukController->edit_product('1')
 7 SYSTEMPATH\CodeIgniter.php(499): CodeIgniter\CodeIgniter->runController(Object(App\Controllers\Admin\Master\ProdukController))
 8 SYSTEMPATH\CodeIgniter.php(368): CodeIgniter\CodeIgniter->handleRequest(null, Object(Config\Cache), false)
 9 FCPATH\index.php(67): CodeIgniter\CodeIgniter->run()
10 SYSTEMPATH\Commands\Server\rewrite.php(47): require_once('FCPATH\\index.php')
CRITICAL - 2023-09-17 21:42:46 --> Undefined variable $produk
in APPPATH\Views\admin\master\produk\edit_produk.php on line 28.
 1 APPPATH\Views\admin\master\produk\edit_produk.php(28): CodeIgniter\Debug\Exceptions->errorHandler(2, 'Undefined variable $produk', 'APPPATH\\Views\\admin\\master\\produk\\edit_produk.php', 28)
 2 SYSTEMPATH\View\View.php(213): include('APPPATH\\Views\\admin\\master\\produk\\edit_produk.php')
 3 SYSTEMPATH\View\View.php(216): CodeIgniter\View\View->CodeIgniter\View\{closure}()
 4 SYSTEMPATH\Common.php(1184): CodeIgniter\View\View->render('admin/master/produk/edit_produk', [], true)
 5 APPPATH\Controllers\Admin\Master\ProdukController.php(39): view('admin/master/produk/edit_produk')
 6 SYSTEMPATH\CodeIgniter.php(934): App\Controllers\Admin\Master\ProdukController->edit_product('4')
 7 SYSTEMPATH\CodeIgniter.php(499): CodeIgniter\CodeIgniter->runController(Object(App\Controllers\Admin\Master\ProdukController))
 8 SYSTEMPATH\CodeIgniter.php(368): CodeIgniter\CodeIgniter->handleRequest(null, Object(Config\Cache), false)
 9 FCPATH\index.php(67): CodeIgniter\CodeIgniter->run()
10 SYSTEMPATH\Commands\Server\rewrite.php(47): require_once('FCPATH\\index.php')
CRITICAL - 2023-09-17 21:42:48 --> Undefined variable $produk
in APPPATH\Views\admin\master\produk\edit_produk.php on line 28.
 1 APPPATH\Views\admin\master\produk\edit_produk.php(28): CodeIgniter\Debug\Exceptions->errorHandler(2, 'Undefined variable $produk', 'APPPATH\\Views\\admin\\master\\produk\\edit_produk.php', 28)
 2 SYSTEMPATH\View\View.php(213): include('APPPATH\\Views\\admin\\master\\produk\\edit_produk.php')
 3 SYSTEMPATH\View\View.php(216): CodeIgniter\View\View->CodeIgniter\View\{closure}()
 4 SYSTEMPATH\Common.php(1184): CodeIgniter\View\View->render('admin/master/produk/edit_produk', [], true)
 5 APPPATH\Controllers\Admin\Master\ProdukController.php(39): view('admin/master/produk/edit_produk')
 6 SYSTEMPATH\CodeIgniter.php(934): App\Controllers\Admin\Master\ProdukController->edit_product('2')
 7 SYSTEMPATH\CodeIgniter.php(499): CodeIgniter\CodeIgniter->runController(Object(App\Controllers\Admin\Master\ProdukController))
 8 SYSTEMPATH\CodeIgniter.php(368): CodeIgniter\CodeIgniter->handleRequest(null, Object(Config\Cache), false)
 9 FCPATH\index.php(67): CodeIgniter\CodeIgniter->run()
10 SYSTEMPATH\Commands\Server\rewrite.php(47): require_once('FCPATH\\index.php')
CRITICAL - 2023-09-17 21:42:55 --> Undefined variable $produk
in APPPATH\Views\admin\master\produk\edit_produk.php on line 28.
 1 APPPATH\Views\admin\master\produk\edit_produk.php(28): CodeIgniter\Debug\Exceptions->errorHandler(2, 'Undefined variable $produk', 'APPPATH\\Views\\admin\\master\\produk\\edit_produk.php', 28)
 2 SYSTEMPATH\View\View.php(213): include('APPPATH\\Views\\admin\\master\\produk\\edit_produk.php')
 3 SYSTEMPATH\View\View.php(216): CodeIgniter\View\View->CodeIgniter\View\{closure}()
 4 SYSTEMPATH\Common.php(1184): CodeIgniter\View\View->render('admin/master/produk/edit_produk', [], true)
 5 APPPATH\Controllers\Admin\Master\ProdukController.php(39): view('admin/master/produk/edit_produk')
 6 SYSTEMPATH\CodeIgniter.php(934): App\Controllers\Admin\Master\ProdukController->edit_product('1')
 7 SYSTEMPATH\CodeIgniter.php(499): CodeIgniter\CodeIgniter->runController(Object(App\Controllers\Admin\Master\ProdukController))
 8 SYSTEMPATH\CodeIgniter.php(368): CodeIgniter\CodeIgniter->handleRequest(null, Object(Config\Cache), false)
 9 FCPATH\index.php(67): CodeIgniter\CodeIgniter->run()
10 SYSTEMPATH\Commands\Server\rewrite.php(47): require_once('FCPATH\\index.php')
CRITICAL - 2023-09-17 22:21:22 --> Undefined variable $item
in APPPATH\Views\admin\master\produk\detail_produk.php on line 46.
 1 APPPATH\Views\admin\master\produk\detail_produk.php(46): CodeIgniter\Debug\Exceptions->errorHandler(2, 'Undefined variable $item', 'APPPATH\\Views\\admin\\master\\produk\\detail_produk.php', 46)
 2 SYSTEMPATH\View\View.php(213): include('APPPATH\\Views\\admin\\master\\produk\\detail_produk.php')
 3 SYSTEMPATH\View\View.php(216): CodeIgniter\View\View->CodeIgniter\View\{closure}()
 4 SYSTEMPATH\Common.php(1184): CodeIgniter\View\View->render('admin/master/produk/detail_produk', [], true)
 5 APPPATH\Controllers\Admin\Master\ProdukController.php(73): view('admin/master/produk/detail_produk', [...])
 6 SYSTEMPATH\CodeIgniter.php(934): App\Controllers\Admin\Master\ProdukController->detail_product('2')
 7 SYSTEMPATH\CodeIgniter.php(499): CodeIgniter\CodeIgniter->runController(Object(App\Controllers\Admin\Master\ProdukController))
 8 SYSTEMPATH\CodeIgniter.php(368): CodeIgniter\CodeIgniter->handleRequest(null, Object(Config\Cache), false)
 9 FCPATH\index.php(67): CodeIgniter\CodeIgniter->run()
10 SYSTEMPATH\Commands\Server\rewrite.php(47): require_once('FCPATH\\index.php')
