CRITICAL - 2023-10-18 06:55:39 --> Undefined variable $title
in APPPATH\Views\login.php on line 21.
 1 APPPATH\Views\login.php(21): CodeIgniter\Debug\Exceptions->errorHandler(2, 'Undefined variable $title', 'APPPATH\\Views\\login.php', 21)
 2 SYSTEMPATH\View\View.php(213): include('APPPATH\\Views\\login.php')
 3 SYSTEMPATH\View\View.php(216): CodeIgniter\View\View->CodeIgniter\View\{closure}()
 4 SYSTEMPATH\Common.php(1184): CodeIgniter\View\View->render('login', [], true)
 5 APPPATH\Controllers\Login.php(18): view('login')
 6 SYSTEMPATH\CodeIgniter.php(934): App\Controllers\Login->index()
 7 SYSTEMPATH\CodeIgniter.php(499): CodeIgniter\CodeIgniter->runController(Object(App\Controllers\Login))
 8 SYSTEMPATH\CodeIgniter.php(368): CodeIgniter\CodeIgniter->handleRequest(null, Object(Config\Cache), false)
 9 FCPATH\index.php(67): CodeIgniter\CodeIgniter->run()
10 SYSTEMPATH\Commands\Server\rewrite.php(47): require_once('FCPATH\\index.php')
CRITICAL - 2023-10-18 07:20:48 --> Cannot redeclare App\Controllers\PelangganController::edit()
in APPPATH\Controllers\Admin\Transaksi\PelangganController.php on line 72.
 1 [internal function]: CodeIgniter\Debug\Exceptions->shutdownHandler()
CRITICAL - 2023-10-18 07:22:02 --> Invalid file: "admin/transaksi/penjualan/_partials_transaksi/footer.php"
in SYSTEMPATH\Exceptions\FrameworkException.php on line 33.
 1 SYSTEMPATH\View\View.php(201): CodeIgniter\Exceptions\FrameworkException::forInvalidFile('admin/transaksi/penjualan/_partials_transaksi/footer.php')
 2 SYSTEMPATH\Common.php(1184): CodeIgniter\View\View->render('admin/transaksi/penjualan/_partials_transaksi/footer.php', [], true)
 3 APPPATH\Controllers\Admin\Transaksi\PenjualanController.php(21): view('admin/transaksi/penjualan/_partials_transaksi/footer.php')
 4 SYSTEMPATH\CodeIgniter.php(934): App\Controllers\Admin\Transaksi\PenjualanController->index()
 5 SYSTEMPATH\CodeIgniter.php(499): CodeIgniter\CodeIgniter->runController(Object(App\Controllers\Admin\Transaksi\PenjualanController))
 6 SYSTEMPATH\CodeIgniter.php(368): CodeIgniter\CodeIgniter->handleRequest(null, Object(Config\Cache), false)
 7 FCPATH\index.php(67): CodeIgniter\CodeIgniter->run()
 8 SYSTEMPATH\Commands\Server\rewrite.php(47): require_once('FCPATH\\index.php')
CRITICAL - 2023-10-18 07:22:03 --> Invalid file: "admin/transaksi/penjualan/_partials_transaksi/footer.php"
in SYSTEMPATH\Exceptions\FrameworkException.php on line 33.
 1 SYSTEMPATH\View\View.php(201): CodeIgniter\Exceptions\FrameworkException::forInvalidFile('admin/transaksi/penjualan/_partials_transaksi/footer.php')
 2 SYSTEMPATH\Common.php(1184): CodeIgniter\View\View->render('admin/transaksi/penjualan/_partials_transaksi/footer.php', [], true)
 3 APPPATH\Controllers\Admin\Transaksi\PenjualanController.php(21): view('admin/transaksi/penjualan/_partials_transaksi/footer.php')
 4 SYSTEMPATH\CodeIgniter.php(934): App\Controllers\Admin\Transaksi\PenjualanController->index()
 5 SYSTEMPATH\CodeIgniter.php(499): CodeIgniter\CodeIgniter->runController(Object(App\Controllers\Admin\Transaksi\PenjualanController))
 6 SYSTEMPATH\CodeIgniter.php(368): CodeIgniter\CodeIgniter->handleRequest(null, Object(Config\Cache), false)
 7 FCPATH\index.php(67): CodeIgniter\CodeIgniter->run()
 8 SYSTEMPATH\Commands\Server\rewrite.php(47): require_once('FCPATH\\index.php')
CRITICAL - 2023-10-18 07:22:08 --> Invalid file: "admin/transaksi/penjualan/_partials_transaksi/footer.php"
in SYSTEMPATH\Exceptions\FrameworkException.php on line 33.
 1 SYSTEMPATH\View\View.php(201): CodeIgniter\Exceptions\FrameworkException::forInvalidFile('admin/transaksi/penjualan/_partials_transaksi/footer.php')
 2 SYSTEMPATH\Common.php(1184): CodeIgniter\View\View->render('admin/transaksi/penjualan/_partials_transaksi/footer.php', [], true)
 3 APPPATH\Controllers\Admin\Transaksi\PenjualanController.php(21): view('admin/transaksi/penjualan/_partials_transaksi/footer.php')
 4 SYSTEMPATH\CodeIgniter.php(934): App\Controllers\Admin\Transaksi\PenjualanController->index()
 5 SYSTEMPATH\CodeIgniter.php(499): CodeIgniter\CodeIgniter->runController(Object(App\Controllers\Admin\Transaksi\PenjualanController))
 6 SYSTEMPATH\CodeIgniter.php(368): CodeIgniter\CodeIgniter->handleRequest(null, Object(Config\Cache), false)
 7 FCPATH\index.php(67): CodeIgniter\CodeIgniter->run()
 8 SYSTEMPATH\Commands\Server\rewrite.php(47): require_once('FCPATH\\index.php')
CRITICAL - 2023-10-18 07:22:10 --> Invalid file: "admin/transaksi/penjualan/_partials_transaksi/footer.php"
in SYSTEMPATH\Exceptions\FrameworkException.php on line 33.
 1 SYSTEMPATH\View\View.php(201): CodeIgniter\Exceptions\FrameworkException::forInvalidFile('admin/transaksi/penjualan/_partials_transaksi/footer.php')
 2 SYSTEMPATH\Common.php(1184): CodeIgniter\View\View->render('admin/transaksi/penjualan/_partials_transaksi/footer.php', [], true)
 3 APPPATH\Controllers\Admin\Transaksi\PenjualanController.php(21): view('admin/transaksi/penjualan/_partials_transaksi/footer.php')
 4 SYSTEMPATH\CodeIgniter.php(934): App\Controllers\Admin\Transaksi\PenjualanController->index()
 5 SYSTEMPATH\CodeIgniter.php(499): CodeIgniter\CodeIgniter->runController(Object(App\Controllers\Admin\Transaksi\PenjualanController))
 6 SYSTEMPATH\CodeIgniter.php(368): CodeIgniter\CodeIgniter->handleRequest(null, Object(Config\Cache), false)
 7 FCPATH\index.php(67): CodeIgniter\CodeIgniter->run()
 8 SYSTEMPATH\Commands\Server\rewrite.php(47): require_once('FCPATH\\index.php')
CRITICAL - 2023-10-18 07:22:45 --> Cannot redeclare App\Controllers\PelangganController::edit()
in APPPATH\Controllers\Admin\Transaksi\PelangganController.php on line 72.
 1 [internal function]: CodeIgniter\Debug\Exceptions->shutdownHandler()
CRITICAL - 2023-10-18 07:23:46 --> Cannot redeclare App\Controllers\PelangganController::edit()
in APPPATH\Controllers\Admin\Transaksi\PelangganController.php on line 72.
 1 [internal function]: CodeIgniter\Debug\Exceptions->shutdownHandler()
CRITICAL - 2023-10-18 07:23:57 --> Cannot redeclare App\Controllers\PelangganController::edit()
in APPPATH\Controllers\Admin\Transaksi\PelangganController.php on line 72.
 1 [internal function]: CodeIgniter\Debug\Exceptions->shutdownHandler()
CRITICAL - 2023-10-18 07:24:04 --> Cannot redeclare App\Controllers\PelangganController::edit()
in APPPATH\Controllers\Admin\Transaksi\PelangganController.php on line 72.
 1 [internal function]: CodeIgniter\Debug\Exceptions->shutdownHandler()
CRITICAL - 2023-10-18 07:27:10 --> Undefined variable $title
in APPPATH\Views\_partials_admin\header.php on line 5.
 1 APPPATH\Views\_partials_admin\header.php(5): CodeIgniter\Debug\Exceptions->errorHandler(2, 'Undefined variable $title', 'APPPATH\\Views\\_partials_admin\\header.php', 5)
 2 SYSTEMPATH\View\View.php(213): include('APPPATH\\Views\\_partials_admin\\header.php')
 3 SYSTEMPATH\View\View.php(216): CodeIgniter\View\View->CodeIgniter\View\{closure}()
 4 SYSTEMPATH\Common.php(1184): CodeIgniter\View\View->render('_partials_admin/header.php', [], true)
 5 APPPATH\Controllers\Admin\Transaksi\PelangganController.php(16): view('_partials_admin/header.php', [...])
 6 SYSTEMPATH\CodeIgniter.php(934): App\Controllers\Admin\Transaksi\PelangganController->index()
 7 SYSTEMPATH\CodeIgniter.php(499): CodeIgniter\CodeIgniter->runController(Object(App\Controllers\Admin\Transaksi\PelangganController))
 8 SYSTEMPATH\CodeIgniter.php(368): CodeIgniter\CodeIgniter->handleRequest(null, Object(Config\Cache), false)
 9 FCPATH\index.php(67): CodeIgniter\CodeIgniter->run()
10 SYSTEMPATH\Commands\Server\rewrite.php(47): require_once('FCPATH\\index.php')
CRITICAL - 2023-10-18 07:27:14 --> Undefined variable $title
in APPPATH\Views\_partials_admin\header.php on line 5.
 1 APPPATH\Views\_partials_admin\header.php(5): CodeIgniter\Debug\Exceptions->errorHandler(2, 'Undefined variable $title', 'APPPATH\\Views\\_partials_admin\\header.php', 5)
 2 SYSTEMPATH\View\View.php(213): include('APPPATH\\Views\\_partials_admin\\header.php')
 3 SYSTEMPATH\View\View.php(216): CodeIgniter\View\View->CodeIgniter\View\{closure}()
 4 SYSTEMPATH\Common.php(1184): CodeIgniter\View\View->render('_partials_admin/header.php', [], true)
 5 APPPATH\Controllers\Admin\Transaksi\PelangganController.php(16): view('_partials_admin/header.php', [...])
 6 SYSTEMPATH\CodeIgniter.php(934): App\Controllers\Admin\Transaksi\PelangganController->index()
 7 SYSTEMPATH\CodeIgniter.php(499): CodeIgniter\CodeIgniter->runController(Object(App\Controllers\Admin\Transaksi\PelangganController))
 8 SYSTEMPATH\CodeIgniter.php(368): CodeIgniter\CodeIgniter->handleRequest(null, Object(Config\Cache), false)
 9 FCPATH\index.php(67): CodeIgniter\CodeIgniter->run()
10 SYSTEMPATH\Commands\Server\rewrite.php(47): require_once('FCPATH\\index.php')
CRITICAL - 2023-10-18 07:27:24 --> Class "App\Controllers\Admin\Transaksi\BaseController" not found
in APPPATH\Controllers\Admin\Transaksi\PelangganController.php on line 9.
 1 SYSTEMPATH\Autoloader\Autoloader.php(312): include_once()
 2 SYSTEMPATH\Autoloader\Autoloader.php(289): CodeIgniter\Autoloader\Autoloader->includeFile('APPPATH\\Controllers\\Admin\\Transaksi\\PelangganController.php')
 3 SYSTEMPATH\Autoloader\Autoloader.php(267): CodeIgniter\Autoloader\Autoloader->loadInNamespace('App\\Controllers\\Admin\\Transaksi\\PelangganController')
 4 [internal function]: CodeIgniter\Autoloader\Autoloader->loadClass('App\\Controllers\\Admin\\Transaksi\\PelangganController')
 5 SYSTEMPATH\CodeIgniter.php(892): class_exists('\\App\\Controllers\\Admin\\Transaksi\\PelangganController', true)
 6 SYSTEMPATH\CodeIgniter.php(486): CodeIgniter\CodeIgniter->startController()
 7 SYSTEMPATH\CodeIgniter.php(368): CodeIgniter\CodeIgniter->handleRequest(null, Object(Config\Cache), false)
 8 FCPATH\index.php(67): CodeIgniter\CodeIgniter->run()
 9 SYSTEMPATH\Commands\Server\rewrite.php(47): require_once('FCPATH\\index.php')
CRITICAL - 2023-10-18 07:28:30 --> Undefined variable $title
in APPPATH\Views\_partials_admin\header.php on line 5.
 1 APPPATH\Views\_partials_admin\header.php(5): CodeIgniter\Debug\Exceptions->errorHandler(2, 'Undefined variable $title', 'APPPATH\\Views\\_partials_admin\\header.php', 5)
 2 SYSTEMPATH\View\View.php(213): include('APPPATH\\Views\\_partials_admin\\header.php')
 3 SYSTEMPATH\View\View.php(216): CodeIgniter\View\View->CodeIgniter\View\{closure}()
 4 SYSTEMPATH\Common.php(1184): CodeIgniter\View\View->render('_partials_admin/header.php', [], true)
 5 APPPATH\Controllers\Admin\Transaksi\PelangganController.php(15): view('_partials_admin/header.php', [...])
 6 SYSTEMPATH\CodeIgniter.php(934): App\Controllers\Admin\Transaksi\PelangganController->index()
 7 SYSTEMPATH\CodeIgniter.php(499): CodeIgniter\CodeIgniter->runController(Object(App\Controllers\Admin\Transaksi\PelangganController))
 8 SYSTEMPATH\CodeIgniter.php(368): CodeIgniter\CodeIgniter->handleRequest(null, Object(Config\Cache), false)
 9 FCPATH\index.php(67): CodeIgniter\CodeIgniter->run()
10 SYSTEMPATH\Commands\Server\rewrite.php(47): require_once('FCPATH\\index.php')
CRITICAL - 2023-10-18 07:29:17 --> Undefined variable $title
in APPPATH\Views\_partials_admin\header.php on line 5.
 1 APPPATH\Views\_partials_admin\header.php(5): CodeIgniter\Debug\Exceptions->errorHandler(2, 'Undefined variable $title', 'APPPATH\\Views\\_partials_admin\\header.php', 5)
 2 SYSTEMPATH\View\View.php(213): include('APPPATH\\Views\\_partials_admin\\header.php')
 3 SYSTEMPATH\View\View.php(216): CodeIgniter\View\View->CodeIgniter\View\{closure}()
 4 SYSTEMPATH\Common.php(1184): CodeIgniter\View\View->render('_partials_admin/header.php', [], true)
 5 APPPATH\Controllers\Admin\Transaksi\PelangganController.php(15): view('_partials_admin/header.php', [...])
 6 SYSTEMPATH\CodeIgniter.php(934): App\Controllers\Admin\Transaksi\PelangganController->index()
 7 SYSTEMPATH\CodeIgniter.php(499): CodeIgniter\CodeIgniter->runController(Object(App\Controllers\Admin\Transaksi\PelangganController))
 8 SYSTEMPATH\CodeIgniter.php(368): CodeIgniter\CodeIgniter->handleRequest(null, Object(Config\Cache), false)
 9 FCPATH\index.php(67): CodeIgniter\CodeIgniter->run()
10 SYSTEMPATH\Commands\Server\rewrite.php(47): require_once('FCPATH\\index.php')
CRITICAL - 2023-10-18 07:29:44 --> Undefined variable $title
in APPPATH\Views\_partials_admin\header.php on line 5.
 1 APPPATH\Views\_partials_admin\header.php(5): CodeIgniter\Debug\Exceptions->errorHandler(2, 'Undefined variable $title', 'APPPATH\\Views\\_partials_admin\\header.php', 5)
 2 SYSTEMPATH\View\View.php(213): include('APPPATH\\Views\\_partials_admin\\header.php')
 3 SYSTEMPATH\View\View.php(216): CodeIgniter\View\View->CodeIgniter\View\{closure}()
 4 SYSTEMPATH\Common.php(1184): CodeIgniter\View\View->render('_partials_admin/header.php', [], true)
 5 APPPATH\Controllers\Admin\Transaksi\PelangganController.php(15): view('_partials_admin/header.php', [...])
 6 SYSTEMPATH\CodeIgniter.php(934): App\Controllers\Admin\Transaksi\PelangganController->index()
 7 SYSTEMPATH\CodeIgniter.php(499): CodeIgniter\CodeIgniter->runController(Object(App\Controllers\Admin\Transaksi\PelangganController))
 8 SYSTEMPATH\CodeIgniter.php(368): CodeIgniter\CodeIgniter->handleRequest(null, Object(Config\Cache), false)
 9 FCPATH\index.php(67): CodeIgniter\CodeIgniter->run()
10 SYSTEMPATH\Commands\Server\rewrite.php(47): require_once('FCPATH\\index.php')
CRITICAL - 2023-10-18 07:30:39 --> Undefined variable $title
in APPPATH\Views\_partials_admin\header.php on line 5.
 1 APPPATH\Views\_partials_admin\header.php(5): CodeIgniter\Debug\Exceptions->errorHandler(2, 'Undefined variable $title', 'APPPATH\\Views\\_partials_admin\\header.php', 5)
 2 SYSTEMPATH\View\View.php(213): include('APPPATH\\Views\\_partials_admin\\header.php')
 3 SYSTEMPATH\View\View.php(216): CodeIgniter\View\View->CodeIgniter\View\{closure}()
 4 SYSTEMPATH\Common.php(1184): CodeIgniter\View\View->render('_partials_admin/header.php', [], true)
 5 APPPATH\Controllers\Admin\Transaksi\PelangganController.php(15): view('_partials_admin/header.php', [...])
 6 SYSTEMPATH\CodeIgniter.php(934): App\Controllers\Admin\Transaksi\PelangganController->index()
 7 SYSTEMPATH\CodeIgniter.php(499): CodeIgniter\CodeIgniter->runController(Object(App\Controllers\Admin\Transaksi\PelangganController))
 8 SYSTEMPATH\CodeIgniter.php(368): CodeIgniter\CodeIgniter->handleRequest(null, Object(Config\Cache), false)
 9 FCPATH\index.php(67): CodeIgniter\CodeIgniter->run()
10 SYSTEMPATH\Commands\Server\rewrite.php(47): require_once('FCPATH\\index.php')
CRITICAL - 2023-10-18 07:31:13 --> Undefined variable $title
in APPPATH\Views\_partials_admin\header.php on line 5.
 1 APPPATH\Views\_partials_admin\header.php(5): CodeIgniter\Debug\Exceptions->errorHandler(2, 'Undefined variable $title', 'APPPATH\\Views\\_partials_admin\\header.php', 5)
 2 SYSTEMPATH\View\View.php(213): include('APPPATH\\Views\\_partials_admin\\header.php')
 3 SYSTEMPATH\View\View.php(216): CodeIgniter\View\View->CodeIgniter\View\{closure}()
 4 SYSTEMPATH\Common.php(1184): CodeIgniter\View\View->render('_partials_admin/header.php', [], true)
 5 APPPATH\Controllers\Admin\Transaksi\PelangganController.php(15): view('_partials_admin/header.php', [...])
 6 SYSTEMPATH\CodeIgniter.php(934): App\Controllers\Admin\Transaksi\PelangganController->index()
 7 SYSTEMPATH\CodeIgniter.php(499): CodeIgniter\CodeIgniter->runController(Object(App\Controllers\Admin\Transaksi\PelangganController))
 8 SYSTEMPATH\CodeIgniter.php(368): CodeIgniter\CodeIgniter->handleRequest(null, Object(Config\Cache), false)
 9 FCPATH\index.php(67): CodeIgniter\CodeIgniter->run()
10 SYSTEMPATH\Commands\Server\rewrite.php(47): require_once('FCPATH\\index.php')
CRITICAL - 2023-10-18 07:31:23 --> Undefined variable $title
in APPPATH\Views\_partials_admin\header.php on line 5.
 1 APPPATH\Views\_partials_admin\header.php(5): CodeIgniter\Debug\Exceptions->errorHandler(2, 'Undefined variable $title', 'APPPATH\\Views\\_partials_admin\\header.php', 5)
 2 SYSTEMPATH\View\View.php(213): include('APPPATH\\Views\\_partials_admin\\header.php')
 3 SYSTEMPATH\View\View.php(216): CodeIgniter\View\View->CodeIgniter\View\{closure}()
 4 SYSTEMPATH\Common.php(1184): CodeIgniter\View\View->render('_partials_admin/header.php', [], true)
 5 APPPATH\Controllers\Admin\Transaksi\PelangganController.php(15): view('_partials_admin/header.php', [...])
 6 SYSTEMPATH\CodeIgniter.php(934): App\Controllers\Admin\Transaksi\PelangganController->index()
 7 SYSTEMPATH\CodeIgniter.php(499): CodeIgniter\CodeIgniter->runController(Object(App\Controllers\Admin\Transaksi\PelangganController))
 8 SYSTEMPATH\CodeIgniter.php(368): CodeIgniter\CodeIgniter->handleRequest(null, Object(Config\Cache), false)
 9 FCPATH\index.php(67): CodeIgniter\CodeIgniter->run()
10 SYSTEMPATH\Commands\Server\rewrite.php(47): require_once('FCPATH\\index.php')
CRITICAL - 2023-10-18 07:32:08 --> Undefined variable $title
in APPPATH\Views\_partials_admin\header.php on line 5.
 1 APPPATH\Views\_partials_admin\header.php(5): CodeIgniter\Debug\Exceptions->errorHandler(2, 'Undefined variable $title', 'APPPATH\\Views\\_partials_admin\\header.php', 5)
 2 SYSTEMPATH\View\View.php(213): include('APPPATH\\Views\\_partials_admin\\header.php')
 3 SYSTEMPATH\View\View.php(216): CodeIgniter\View\View->CodeIgniter\View\{closure}()
 4 SYSTEMPATH\Common.php(1184): CodeIgniter\View\View->render('_partials_admin/header.php', [], true)
 5 APPPATH\Controllers\Admin\Transaksi\PelangganController.php(15): view('_partials_admin/header.php', [...])
 6 SYSTEMPATH\CodeIgniter.php(934): App\Controllers\Admin\Transaksi\PelangganController->index()
 7 SYSTEMPATH\CodeIgniter.php(499): CodeIgniter\CodeIgniter->runController(Object(App\Controllers\Admin\Transaksi\PelangganController))
 8 SYSTEMPATH\CodeIgniter.php(368): CodeIgniter\CodeIgniter->handleRequest(null, Object(Config\Cache), false)
 9 FCPATH\index.php(67): CodeIgniter\CodeIgniter->run()
10 SYSTEMPATH\Commands\Server\rewrite.php(47): require_once('FCPATH\\index.php')
CRITICAL - 2023-10-18 07:32:28 --> Undefined variable $title
in APPPATH\Views\_partials_admin\header.php on line 5.
 1 APPPATH\Views\_partials_admin\header.php(5): CodeIgniter\Debug\Exceptions->errorHandler(2, 'Undefined variable $title', 'APPPATH\\Views\\_partials_admin\\header.php', 5)
 2 SYSTEMPATH\View\View.php(213): include('APPPATH\\Views\\_partials_admin\\header.php')
 3 SYSTEMPATH\View\View.php(216): CodeIgniter\View\View->CodeIgniter\View\{closure}()
 4 SYSTEMPATH\Common.php(1184): CodeIgniter\View\View->render('_partials_admin/header.php', [], true)
 5 APPPATH\Controllers\Admin\Transaksi\PelangganController.php(15): view('_partials_admin/header.php', [...])
 6 SYSTEMPATH\CodeIgniter.php(934): App\Controllers\Admin\Transaksi\PelangganController->index()
 7 SYSTEMPATH\CodeIgniter.php(499): CodeIgniter\CodeIgniter->runController(Object(App\Controllers\Admin\Transaksi\PelangganController))
 8 SYSTEMPATH\CodeIgniter.php(368): CodeIgniter\CodeIgniter->handleRequest(null, Object(Config\Cache), false)
 9 FCPATH\index.php(67): CodeIgniter\CodeIgniter->run()
10 SYSTEMPATH\Commands\Server\rewrite.php(47): require_once('FCPATH\\index.php')
CRITICAL - 2023-10-18 07:32:34 --> Undefined variable $title
in APPPATH\Views\_partials_admin\header.php on line 5.
 1 APPPATH\Views\_partials_admin\header.php(5): CodeIgniter\Debug\Exceptions->errorHandler(2, 'Undefined variable $title', 'APPPATH\\Views\\_partials_admin\\header.php', 5)
 2 SYSTEMPATH\View\View.php(213): include('APPPATH\\Views\\_partials_admin\\header.php')
 3 SYSTEMPATH\View\View.php(216): CodeIgniter\View\View->CodeIgniter\View\{closure}()
 4 SYSTEMPATH\Common.php(1184): CodeIgniter\View\View->render('_partials_admin/header.php', [], true)
 5 APPPATH\Controllers\Admin\Transaksi\PelangganController.php(15): view('_partials_admin/header.php', [...])
 6 SYSTEMPATH\CodeIgniter.php(934): App\Controllers\Admin\Transaksi\PelangganController->index()
 7 SYSTEMPATH\CodeIgniter.php(499): CodeIgniter\CodeIgniter->runController(Object(App\Controllers\Admin\Transaksi\PelangganController))
 8 SYSTEMPATH\CodeIgniter.php(368): CodeIgniter\CodeIgniter->handleRequest(null, Object(Config\Cache), false)
 9 FCPATH\index.php(67): CodeIgniter\CodeIgniter->run()
10 SYSTEMPATH\Commands\Server\rewrite.php(47): require_once('FCPATH\\index.php')
CRITICAL - 2023-10-18 07:45:04 --> Class "App\Controllers\Admin\Transaksi\PelangganModel" not found
in APPPATH\Controllers\Admin\Transaksi\PelangganController.php on line 31.
 1 SYSTEMPATH\CodeIgniter.php(934): App\Controllers\Admin\Transaksi\PelangganController->store()
 2 SYSTEMPATH\CodeIgniter.php(499): CodeIgniter\CodeIgniter->runController(Object(App\Controllers\Admin\Transaksi\PelangganController))
 3 SYSTEMPATH\CodeIgniter.php(368): CodeIgniter\CodeIgniter->handleRequest(null, Object(Config\Cache), false)
 4 FCPATH\index.php(67): CodeIgniter\CodeIgniter->run()
 5 SYSTEMPATH\Commands\Server\rewrite.php(47): require_once('FCPATH\\index.php')
CRITICAL - 2023-10-18 08:27:30 --> Undefined variable $id
in APPPATH\Views\admin\transaksi\pelanggan\pelanggan.php on line 78.
 1 APPPATH\Views\admin\transaksi\pelanggan\pelanggan.php(78): CodeIgniter\Debug\Exceptions->errorHandler(2, 'Undefined variable $id', 'APPPATH\\Views\\admin\\transaksi\\pelanggan\\pelanggan.php', 78)
 2 SYSTEMPATH\View\View.php(213): include('APPPATH\\Views\\admin\\transaksi\\pelanggan\\pelanggan.php')
 3 SYSTEMPATH\View\View.php(216): CodeIgniter\View\View->CodeIgniter\View\{closure}()
 4 SYSTEMPATH\Common.php(1184): CodeIgniter\View\View->render('admin/transaksi/pelanggan/pelanggan', [], true)
 5 APPPATH\Controllers\Admin\Transaksi\PelangganController.php(18): view('admin/transaksi/pelanggan/pelanggan', [...])
 6 SYSTEMPATH\CodeIgniter.php(934): App\Controllers\Admin\Transaksi\PelangganController->index()
 7 SYSTEMPATH\CodeIgniter.php(499): CodeIgniter\CodeIgniter->runController(Object(App\Controllers\Admin\Transaksi\PelangganController))
 8 SYSTEMPATH\CodeIgniter.php(368): CodeIgniter\CodeIgniter->handleRequest(null, Object(Config\Cache), false)
 9 FCPATH\index.php(67): CodeIgniter\CodeIgniter->run()
10 SYSTEMPATH\Commands\Server\rewrite.php(47): require_once('FCPATH\\index.php')
CRITICAL - 2023-10-18 08:28:01 --> Undefined variable $id
in APPPATH\Views\admin\transaksi\pelanggan\pelanggan.php on line 78.
 1 APPPATH\Views\admin\transaksi\pelanggan\pelanggan.php(78): CodeIgniter\Debug\Exceptions->errorHandler(2, 'Undefined variable $id', 'APPPATH\\Views\\admin\\transaksi\\pelanggan\\pelanggan.php', 78)
 2 SYSTEMPATH\View\View.php(213): include('APPPATH\\Views\\admin\\transaksi\\pelanggan\\pelanggan.php')
 3 SYSTEMPATH\View\View.php(216): CodeIgniter\View\View->CodeIgniter\View\{closure}()
 4 SYSTEMPATH\Common.php(1184): CodeIgniter\View\View->render('admin/transaksi/pelanggan/pelanggan', [], true)
 5 APPPATH\Controllers\Admin\Transaksi\PelangganController.php(18): view('admin/transaksi/pelanggan/pelanggan', [...])
 6 SYSTEMPATH\CodeIgniter.php(934): App\Controllers\Admin\Transaksi\PelangganController->index()
 7 SYSTEMPATH\CodeIgniter.php(499): CodeIgniter\CodeIgniter->runController(Object(App\Controllers\Admin\Transaksi\PelangganController))
 8 SYSTEMPATH\CodeIgniter.php(368): CodeIgniter\CodeIgniter->handleRequest(null, Object(Config\Cache), false)
 9 FCPATH\index.php(67): CodeIgniter\CodeIgniter->run()
10 SYSTEMPATH\Commands\Server\rewrite.php(47): require_once('FCPATH\\index.php')
CRITICAL - 2023-10-18 08:28:04 --> Undefined variable $id
in APPPATH\Views\admin\transaksi\pelanggan\pelanggan.php on line 78.
 1 APPPATH\Views\admin\transaksi\pelanggan\pelanggan.php(78): CodeIgniter\Debug\Exceptions->errorHandler(2, 'Undefined variable $id', 'APPPATH\\Views\\admin\\transaksi\\pelanggan\\pelanggan.php', 78)
 2 SYSTEMPATH\View\View.php(213): include('APPPATH\\Views\\admin\\transaksi\\pelanggan\\pelanggan.php')
 3 SYSTEMPATH\View\View.php(216): CodeIgniter\View\View->CodeIgniter\View\{closure}()
 4 SYSTEMPATH\Common.php(1184): CodeIgniter\View\View->render('admin/transaksi/pelanggan/pelanggan', [], true)
 5 APPPATH\Controllers\Admin\Transaksi\PelangganController.php(18): view('admin/transaksi/pelanggan/pelanggan', [...])
 6 SYSTEMPATH\CodeIgniter.php(934): App\Controllers\Admin\Transaksi\PelangganController->index()
 7 SYSTEMPATH\CodeIgniter.php(499): CodeIgniter\CodeIgniter->runController(Object(App\Controllers\Admin\Transaksi\PelangganController))
 8 SYSTEMPATH\CodeIgniter.php(368): CodeIgniter\CodeIgniter->handleRequest(null, Object(Config\Cache), false)
 9 FCPATH\index.php(67): CodeIgniter\CodeIgniter->run()
10 SYSTEMPATH\Commands\Server\rewrite.php(47): require_once('FCPATH\\index.php')
CRITICAL - 2023-10-18 08:28:09 --> Undefined variable $id
in APPPATH\Views\admin\transaksi\pelanggan\pelanggan.php on line 78.
 1 APPPATH\Views\admin\transaksi\pelanggan\pelanggan.php(78): CodeIgniter\Debug\Exceptions->errorHandler(2, 'Undefined variable $id', 'APPPATH\\Views\\admin\\transaksi\\pelanggan\\pelanggan.php', 78)
 2 SYSTEMPATH\View\View.php(213): include('APPPATH\\Views\\admin\\transaksi\\pelanggan\\pelanggan.php')
 3 SYSTEMPATH\View\View.php(216): CodeIgniter\View\View->CodeIgniter\View\{closure}()
 4 SYSTEMPATH\Common.php(1184): CodeIgniter\View\View->render('admin/transaksi/pelanggan/pelanggan', [], true)
 5 APPPATH\Controllers\Admin\Transaksi\PelangganController.php(18): view('admin/transaksi/pelanggan/pelanggan', [...])
 6 SYSTEMPATH\CodeIgniter.php(934): App\Controllers\Admin\Transaksi\PelangganController->index()
 7 SYSTEMPATH\CodeIgniter.php(499): CodeIgniter\CodeIgniter->runController(Object(App\Controllers\Admin\Transaksi\PelangganController))
 8 SYSTEMPATH\CodeIgniter.php(368): CodeIgniter\CodeIgniter->handleRequest(null, Object(Config\Cache), false)
 9 FCPATH\index.php(67): CodeIgniter\CodeIgniter->run()
10 SYSTEMPATH\Commands\Server\rewrite.php(47): require_once('FCPATH\\index.php')
CRITICAL - 2023-10-18 08:28:24 --> Undefined variable $id
in APPPATH\Views\admin\transaksi\pelanggan\pelanggan.php on line 78.
 1 APPPATH\Views\admin\transaksi\pelanggan\pelanggan.php(78): CodeIgniter\Debug\Exceptions->errorHandler(2, 'Undefined variable $id', 'APPPATH\\Views\\admin\\transaksi\\pelanggan\\pelanggan.php', 78)
 2 SYSTEMPATH\View\View.php(213): include('APPPATH\\Views\\admin\\transaksi\\pelanggan\\pelanggan.php')
 3 SYSTEMPATH\View\View.php(216): CodeIgniter\View\View->CodeIgniter\View\{closure}()
 4 SYSTEMPATH\Common.php(1184): CodeIgniter\View\View->render('admin/transaksi/pelanggan/pelanggan', [], true)
 5 APPPATH\Controllers\Admin\Transaksi\PelangganController.php(18): view('admin/transaksi/pelanggan/pelanggan', [...])
 6 SYSTEMPATH\CodeIgniter.php(934): App\Controllers\Admin\Transaksi\PelangganController->index()
 7 SYSTEMPATH\CodeIgniter.php(499): CodeIgniter\CodeIgniter->runController(Object(App\Controllers\Admin\Transaksi\PelangganController))
 8 SYSTEMPATH\CodeIgniter.php(368): CodeIgniter\CodeIgniter->handleRequest(null, Object(Config\Cache), false)
 9 FCPATH\index.php(67): CodeIgniter\CodeIgniter->run()
10 SYSTEMPATH\Commands\Server\rewrite.php(47): require_once('FCPATH\\index.php')
CRITICAL - 2023-10-18 08:28:48 --> Undefined variable $id
in APPPATH\Views\admin\transaksi\pelanggan\pelanggan.php on line 78.
 1 APPPATH\Views\admin\transaksi\pelanggan\pelanggan.php(78): CodeIgniter\Debug\Exceptions->errorHandler(2, 'Undefined variable $id', 'APPPATH\\Views\\admin\\transaksi\\pelanggan\\pelanggan.php', 78)
 2 SYSTEMPATH\View\View.php(213): include('APPPATH\\Views\\admin\\transaksi\\pelanggan\\pelanggan.php')
 3 SYSTEMPATH\View\View.php(216): CodeIgniter\View\View->CodeIgniter\View\{closure}()
 4 SYSTEMPATH\Common.php(1184): CodeIgniter\View\View->render('admin/transaksi/pelanggan/pelanggan', [], true)
 5 APPPATH\Controllers\Admin\Transaksi\PelangganController.php(18): view('admin/transaksi/pelanggan/pelanggan', [...])
 6 SYSTEMPATH\CodeIgniter.php(934): App\Controllers\Admin\Transaksi\PelangganController->index()
 7 SYSTEMPATH\CodeIgniter.php(499): CodeIgniter\CodeIgniter->runController(Object(App\Controllers\Admin\Transaksi\PelangganController))
 8 SYSTEMPATH\CodeIgniter.php(368): CodeIgniter\CodeIgniter->handleRequest(null, Object(Config\Cache), false)
 9 FCPATH\index.php(67): CodeIgniter\CodeIgniter->run()
10 SYSTEMPATH\Commands\Server\rewrite.php(47): require_once('FCPATH\\index.php')
CRITICAL - 2023-10-18 08:47:05 --> Call to undefined method Config\View::base_url()
in APPPATH\Views\admin\transaksi\pelanggan\pelanggan.php on line 78.
 1 SYSTEMPATH\View\View.php(213): include()
 2 SYSTEMPATH\View\View.php(216): CodeIgniter\View\View->CodeIgniter\View\{closure}()
 3 SYSTEMPATH\Common.php(1184): CodeIgniter\View\View->render('admin/transaksi/pelanggan/pelanggan', [], true)
 4 APPPATH\Controllers\Admin\Transaksi\PelangganController.php(18): view('admin/transaksi/pelanggan/pelanggan', [...])
 5 SYSTEMPATH\CodeIgniter.php(934): App\Controllers\Admin\Transaksi\PelangganController->index()
 6 SYSTEMPATH\CodeIgniter.php(499): CodeIgniter\CodeIgniter->runController(Object(App\Controllers\Admin\Transaksi\PelangganController))
 7 SYSTEMPATH\CodeIgniter.php(368): CodeIgniter\CodeIgniter->handleRequest(null, Object(Config\Cache), false)
 8 FCPATH\index.php(67): CodeIgniter\CodeIgniter->run()
 9 SYSTEMPATH\Commands\Server\rewrite.php(47): require_once('FCPATH\\index.php')
